<?xml version="1.0" encoding="UTF-8"?>
<!-- Generated by org.testng.reporters.JUnitReportReporter -->
<testsuite hostname="CBELAP-067" failures="0" tests="2" name="new_UI.Main" time="5.437" errors="0" timestamp="08 Oct 2020 06:19:39 GMT" skipped="1">
  <testcase classname="new_UI.Main" name="DB" time="5.437"/>
  <testcase classname="new_UI.Main" name="start">
    <skipped/>
  </testcase> <!-- start -->
</testsuite> <!-- new_UI.Main -->
