<?xml version="1.0" encoding="UTF-8"?>
<!-- Generated by org.testng.reporters.JUnitReportReporter -->
<testsuite hostname="CBELAP-067" failures="0" tests="1" name="new_UI.Login" time="60.017" errors="0" timestamp="03 Sep 2020 06:42:18 GMT" skipped="0">
  <testcase classname="new_UI.Login" name="verification" time="60.017"/>
</testsuite> <!-- new_UI.Login -->
