<?xml version="1.0" encoding="UTF-8"?>
<!-- Generated by org.testng.reporters.JUnitReportReporter -->
<testsuite hostname="CBELAP-067" failures="0" tests="1" name="new_UI.Setup" time="5.690" errors="0" timestamp="08 Oct 2020 08:34:18 GMT" skipped="0">
  <testcase classname="new_UI.Setup" name="compare" time="5.690"/>
</testsuite> <!-- new_UI.Setup -->
