<?xml version="1.0" encoding="UTF-8"?>
<!-- Generated by org.testng.reporters.JUnitReportReporter -->
<testsuite hostname="CBELAP-067" failures="0" tests="1" name="new_UI.Search_manager" time="0.016" errors="0" timestamp="07 Sep 2020 06:11:01 GMT" skipped="0">
  <testcase classname="new_UI.Search_manager" name="stringdd" time="0.016"/>
</testsuite> <!-- new_UI.Search_manager -->
